<?xml version="1.0" encoding="UTF-8"?>
<robot generator="Robot 3.2.2 (Python 3.10.2 on darwin)" generated="20220205 18:38:46.853" rpa="false">
<suite id="s1" name="Test Project" source="/Users/shubhamadlakha/eclipse-workspace/Test Project">
<suite id="s1-s1" name="Variables" source="/Users/shubhamadlakha/eclipse-workspace/Test Project/Variables">
<suite id="s1-s1-s1" name="TestSuite2" source="/Users/shubhamadlakha/eclipse-workspace/Test Project/Variables/TestSuite2.robot">
<test id="s1-s1-s1-t1" name="FirstTest">
<kw name="Create Webdriver" library="SeleniumLibrary">
<doc>Creates an instance of Selenium WebDriver.</doc>
<arguments>
<arg>Chrome</arg>
<arg>executable_path=/Users/shubhamadlakha/Downloads/chromedriver</arg>
</arguments>
<msg timestamp="20220205 18:38:46.973" level="INFO">Creating an instance of the Chrome WebDriver.</msg>
<status status="PASS" starttime="20220205 18:38:46.973" endtime="20220205 18:38:48.755"></status>
</kw>
<kw name="Go To" library="SeleniumLibrary">
<doc>Navigates the current browser window to the provided ``url``.</doc>
<arguments>
<arg>${URL}</arg>
</arguments>
<msg timestamp="20220205 18:38:48.756" level="INFO">Opening url 'https://google.com'</msg>
<status status="PASS" starttime="20220205 18:38:48.755" endtime="20220205 18:38:51.794"></status>
</kw>
<kw name="Set Browser Implicit Wait" library="SeleniumLibrary">
<doc>Sets the implicit wait value used by Selenium.</doc>
<arguments>
<arg>5</arg>
</arguments>
<status status="PASS" starttime="20220205 18:38:51.794" endtime="20220205 18:38:51.796"></status>
</kw>
<kw name="Input Text" library="SeleniumLibrary">
<doc>Types the given ``text`` into the text field identified by ``locator``.</doc>
<arguments>
<arg>name=q</arg>
<arg>Testing Assignment</arg>
</arguments>
<msg timestamp="20220205 18:38:51.796" level="INFO">Typing text 'Testing Assignment' into text field 'name=q'.</msg>
<status status="PASS" starttime="20220205 18:38:51.796" endtime="20220205 18:38:52.114"></status>
</kw>
<kw name="Press Keys" library="SeleniumLibrary">
<doc>Simulates the user pressing key(s) to an element or on the active browser.</doc>
<arguments>
<arg>name=q</arg>
<arg>ENTER</arg>
</arguments>
<msg timestamp="20220205 18:38:52.115" level="INFO">Sending key(s) ('ENTER',) to name=q element.</msg>
<msg timestamp="20220205 18:38:52.536" level="INFO">Pressing special key ENTER to element.</msg>
<msg timestamp="20220205 18:38:52.536" level="INFO">Releasing special key ENTER.</msg>
<status status="PASS" starttime="20220205 18:38:52.114" endtime="20220205 18:38:54.590"></status>
</kw>
<kw name="Sleep" library="BuiltIn">
<doc>Pauses the test executed for the given time.</doc>
<arguments>
<arg>2</arg>
</arguments>
<msg timestamp="20220205 18:38:56.594" level="INFO">Slept 2 seconds</msg>
<status status="PASS" starttime="20220205 18:38:54.590" endtime="20220205 18:38:56.595"></status>
</kw>
<kw name="Close Browser" library="SeleniumLibrary">
<doc>Closes the current browser.</doc>
<status status="PASS" starttime="20220205 18:38:56.596" endtime="20220205 18:38:56.670"></status>
</kw>
<kw name="Log" library="BuiltIn">
<doc>Logs the given message with the given level.</doc>
<arguments>
<arg>Test Completed</arg>
</arguments>
<msg timestamp="20220205 18:38:56.670" level="INFO">Test Completed</msg>
<status status="PASS" starttime="20220205 18:38:56.670" endtime="20220205 18:38:56.671"></status>
</kw>
<status status="PASS" starttime="20220205 18:38:46.973" endtime="20220205 18:38:56.671" critical="yes"></status>
</test>
<status status="PASS" starttime="20220205 18:38:46.886" endtime="20220205 18:38:56.671"></status>
</suite>
<status status="PASS" starttime="20220205 18:38:46.885" endtime="20220205 18:38:56.673"></status>
</suite>
<status status="PASS" starttime="20220205 18:38:46.874" endtime="20220205 18:38:56.674"></status>
</suite>
<statistics>
<total>
<stat pass="1" fail="0">Critical Tests</stat>
<stat pass="1" fail="0">All Tests</stat>
</total>
<tag>
</tag>
<suite>
<stat pass="1" fail="0" id="s1" name="Test Project">Test Project</stat>
<stat pass="1" fail="0" id="s1-s1" name="Variables">Test Project.Variables</stat>
<stat pass="1" fail="0" id="s1-s1-s1" name="TestSuite2">Test Project.Variables.TestSuite2</stat>
</suite>
</statistics>
<errors>
</errors>
</robot>
